<?xml version="1.0" encoding="UTF-8"?>
<!-- Generated by org.testng.reporters.JUnitReportReporter -->
<testsuite hostname="DESKTOP-ICEC8B4" failures="0" tests="1" name="testClasses.VerifyLoginFunctionTestClss" time="8.648" errors="0" timestamp="2022-08-03T13:09:50 IST" skipped="0">
  <testcase classname="testClasses.VerifyLoginFunctionTestClss" name="verifylogin" time="8.648"/>
  <system-out/>
</testsuite> <!-- testClasses.VerifyLoginFunctionTestClss -->
