<?xml version="1.0" encoding="UTF-8"?>
<!-- Generated by org.testng.reporters.JUnitReportReporter -->
<testsuite hostname="DESKTOP-ICEC8B4" failures="0" tests="1" name="testClasses.TC02VerfyLogoutTestclass" time="9.176" errors="0" timestamp="2022-08-03T19:10:02 IST" skipped="0">
  <testcase classname="testClasses.TC02VerfyLogoutTestclass" name="verifylogout" time="9.176"/>
  <system-out/>
</testsuite> <!-- testClasses.TC02VerfyLogoutTestclass -->
